<?xml version="1.0" encoding="UTF-8"?>
<!-- Generated by org.testng.reporters.JUnitReportReporter -->
<testsuite name="com.mercury.tours.Mercury_Sign_On" tests="1" time="75.652" ignored="0" failures="0" timestamp="23 Dec 2019 07:32:46 GMT" skipped="0" hostname="DESKTOP-F8THS86" errors="0">
  <testcase name="Sign_on_Sucessful_login" time="75.652" classname="com.mercury.tours.Mercury_Sign_On"/>
</testsuite> <!-- com.mercury.tours.Mercury_Sign_On -->
