<?xml version="1.0" encoding="UTF-8"?>
<!-- Generated by org.testng.reporters.JUnitReportReporter -->
<testsuite name="com.mercury.tours.Mercury_Sign_On_TestNg" tests="1" time="245.069" ignored="0" failures="0" timestamp="23 Dec 2019 10:25:28 GMT" skipped="0" hostname="DESKTOP-F8THS86" errors="0">
  <testcase name="Sign_On" time="245.069" classname="com.mercury.tours.Mercury_Sign_On_TestNg"/>
</testsuite> <!-- com.mercury.tours.Mercury_Sign_On_TestNg -->
